[debug] [2022-05-09T17:17:31.796Z] ----------------------------------------------------------------------
[debug] [2022-05-09T17:17:31.799Z] Command:       C:\Program Files\nodejs\node.exe C:\Users\user\AppData\Roaming\npm\node_modules\firebase-tools\lib\bin\firebase.js deploy
[debug] [2022-05-09T17:17:31.800Z] CLI Version:   10.8.0
[debug] [2022-05-09T17:17:31.800Z] Platform:      win32
[debug] [2022-05-09T17:17:31.800Z] Node Version:  v16.13.2
[debug] [2022-05-09T17:17:31.801Z] Time:          Mon May 09 2022 23:17:31 GMT+0600 (Bangladesh Standard Time)
[debug] [2022-05-09T17:17:31.802Z] ----------------------------------------------------------------------
[debug] 
[debug] [2022-05-09T17:17:31.897Z] > command requires scopes: ["email","openid","https://www.googleapis.com/auth/cloudplatformprojects.readonly","https://www.googleapis.com/auth/firebase","https://www.googleapis.com/auth/cloud-platform"]
[debug] [2022-05-09T17:17:31.898Z] > authorizing via signed-in user (mdnisanahmed63@gmail.com)
[debug] [2022-05-09T17:17:31.898Z] [iam] checking project eletronics-warehouse-70 for permissions ["firebase.projects.get","firebasehosting.sites.update"]
[debug] [2022-05-09T17:17:31.901Z] >>> [apiv2][query] POST https://cloudresourcemanager.googleapis.com/v1/projects/eletronics-warehouse-70:testIamPermissions [none]
[debug] [2022-05-09T17:17:31.902Z] >>> [apiv2][body] POST https://cloudresourcemanager.googleapis.com/v1/projects/eletronics-warehouse-70:testIamPermissions {"permissions":["firebase.projects.get","firebasehosting.sites.update"]}
[debug] [2022-05-09T17:17:33.452Z] <<< [apiv2][status] POST https://cloudresourcemanager.googleapis.com/v1/projects/eletronics-warehouse-70:testIamPermissions 200
[debug] [2022-05-09T17:17:33.453Z] <<< [apiv2][body] POST https://cloudresourcemanager.googleapis.com/v1/projects/eletronics-warehouse-70:testIamPermissions {"permissions":["firebase.projects.get","firebasehosting.sites.update"]}
[debug] [2022-05-09T17:17:33.456Z] >>> [apiv2][query] GET https://firebase.googleapis.com/v1beta1/projects/eletronics-warehouse-70 [none]
[debug] [2022-05-09T17:17:33.990Z] <<< [apiv2][status] GET https://firebase.googleapis.com/v1beta1/projects/eletronics-warehouse-70 200
[debug] [2022-05-09T17:17:33.991Z] <<< [apiv2][body] GET https://firebase.googleapis.com/v1beta1/projects/eletronics-warehouse-70 {"projectId":"eletronics-warehouse-70","projectNumber":"1070889881055","displayName":"eletronics-warehouse-70","name":"projects/eletronics-warehouse-70","resources":{"hostingSite":"eletronics-warehouse-70"},"state":"ACTIVE"}
[info] 
[info] === Deploying to 'eletronics-warehouse-70'...
[info] 
[info] i  deploying hosting 
[debug] [2022-05-09T17:17:34.006Z] >>> [apiv2][query] GET https://firebase.googleapis.com/v1beta1/projects/eletronics-warehouse-70 [none]
[debug] [2022-05-09T17:17:34.766Z] <<< [apiv2][status] GET https://firebase.googleapis.com/v1beta1/projects/eletronics-warehouse-70 200
[debug] [2022-05-09T17:17:34.767Z] <<< [apiv2][body] GET https://firebase.googleapis.com/v1beta1/projects/eletronics-warehouse-70 {"projectId":"eletronics-warehouse-70","projectNumber":"1070889881055","displayName":"eletronics-warehouse-70","name":"projects/eletronics-warehouse-70","resources":{"hostingSite":"eletronics-warehouse-70"},"state":"ACTIVE"}
[debug] [2022-05-09T17:17:34.770Z] >>> [apiv2][query] POST https://firebasehosting.googleapis.com/v1beta1/projects/1070889881055/sites/eletronics-warehouse-70/versions [none]
[debug] [2022-05-09T17:17:34.770Z] >>> [apiv2][body] POST https://firebasehosting.googleapis.com/v1beta1/projects/1070889881055/sites/eletronics-warehouse-70/versions {"config":{"rewrites":[{"glob":"**","path":"/index.html"}]},"labels":{"deployment-tool":"cli-firebase"}}
[debug] [2022-05-09T17:17:36.900Z] <<< [apiv2][status] POST https://firebasehosting.googleapis.com/v1beta1/projects/1070889881055/sites/eletronics-warehouse-70/versions 500
[debug] [2022-05-09T17:17:36.901Z] <<< [apiv2][body] POST https://firebasehosting.googleapis.com/v1beta1/projects/1070889881055/sites/eletronics-warehouse-70/versions {"error":{"code":500,"message":"Internal error encountered.","status":"INTERNAL"}}
[error] 
[error] Error: HTTP Error: 500, Internal error encountered.
[debug] [2022-05-09T17:17:37.138Z] Error Context: {
  "body": {
    "error": {
      "code": 500,
      "message": "Internal error encountered.",
      "status": "INTERNAL"
    }
  },
  "response": {
    "statusCode": 500
  }
}
[debug] [2022-05-09T17:21:11.023Z] ----------------------------------------------------------------------
[debug] [2022-05-09T17:21:11.028Z] Command:       C:\Program Files\nodejs\node.exe C:\Users\user\AppData\Roaming\npm\node_modules\firebase-tools\lib\bin\firebase.js deploy
[debug] [2022-05-09T17:21:11.028Z] CLI Version:   10.8.0
[debug] [2022-05-09T17:21:11.029Z] Platform:      win32
[debug] [2022-05-09T17:21:11.029Z] Node Version:  v16.13.2
[debug] [2022-05-09T17:21:11.036Z] Time:          Mon May 09 2022 23:21:11 GMT+0600 (Bangladesh Standard Time)
[debug] [2022-05-09T17:21:11.037Z] ----------------------------------------------------------------------
[debug] 
[debug] [2022-05-09T17:21:11.130Z] > command requires scopes: ["email","openid","https://www.googleapis.com/auth/cloudplatformprojects.readonly","https://www.googleapis.com/auth/firebase","https://www.googleapis.com/auth/cloud-platform"]
[debug] [2022-05-09T17:21:11.130Z] > authorizing via signed-in user (mdnisanahmed63@gmail.com)
[debug] [2022-05-09T17:21:11.130Z] [iam] checking project eletronics-warehouse-70 for permissions ["firebase.projects.get","firebasehosting.sites.update"]
[debug] [2022-05-09T17:21:11.134Z] >>> [apiv2][query] POST https://cloudresourcemanager.googleapis.com/v1/projects/eletronics-warehouse-70:testIamPermissions [none]
[debug] [2022-05-09T17:21:11.134Z] >>> [apiv2][body] POST https://cloudresourcemanager.googleapis.com/v1/projects/eletronics-warehouse-70:testIamPermissions {"permissions":["firebase.projects.get","firebasehosting.sites.update"]}
[debug] [2022-05-09T17:21:12.566Z] <<< [apiv2][status] POST https://cloudresourcemanager.googleapis.com/v1/projects/eletronics-warehouse-70:testIamPermissions 200
[debug] [2022-05-09T17:21:12.567Z] <<< [apiv2][body] POST https://cloudresourcemanager.googleapis.com/v1/projects/eletronics-warehouse-70:testIamPermissions {"permissions":["firebase.projects.get","firebasehosting.sites.update"]}
[debug] [2022-05-09T17:21:12.569Z] >>> [apiv2][query] GET https://firebase.googleapis.com/v1beta1/projects/eletronics-warehouse-70 [none]
[debug] [2022-05-09T17:21:13.048Z] <<< [apiv2][status] GET https://firebase.googleapis.com/v1beta1/projects/eletronics-warehouse-70 200
[debug] [2022-05-09T17:21:13.048Z] <<< [apiv2][body] GET https://firebase.googleapis.com/v1beta1/projects/eletronics-warehouse-70 {"projectId":"eletronics-warehouse-70","projectNumber":"1070889881055","displayName":"eletronics-warehouse-70","name":"projects/eletronics-warehouse-70","resources":{"hostingSite":"eletronics-warehouse-70"},"state":"ACTIVE"}
[info] 
[info] === Deploying to 'eletronics-warehouse-70'...
[info] 
[info] i  deploying hosting 
[debug] [2022-05-09T17:21:13.060Z] >>> [apiv2][query] GET https://firebase.googleapis.com/v1beta1/projects/eletronics-warehouse-70 [none]
[debug] [2022-05-09T17:21:13.533Z] <<< [apiv2][status] GET https://firebase.googleapis.com/v1beta1/projects/eletronics-warehouse-70 200
[debug] [2022-05-09T17:21:13.533Z] <<< [apiv2][body] GET https://firebase.googleapis.com/v1beta1/projects/eletronics-warehouse-70 {"projectId":"eletronics-warehouse-70","projectNumber":"1070889881055","displayName":"eletronics-warehouse-70","name":"projects/eletronics-warehouse-70","resources":{"hostingSite":"eletronics-warehouse-70"},"state":"ACTIVE"}
[debug] [2022-05-09T17:21:13.542Z] >>> [apiv2][query] POST https://firebasehosting.googleapis.com/v1beta1/projects/1070889881055/sites/eletronics-warehouse-70/versions [none]
[debug] [2022-05-09T17:21:13.543Z] >>> [apiv2][body] POST https://firebasehosting.googleapis.com/v1beta1/projects/1070889881055/sites/eletronics-warehouse-70/versions {"config":{"rewrites":[{"glob":"**","path":"/index.html"}]},"labels":{"deployment-tool":"cli-firebase"}}
[debug] [2022-05-09T17:21:15.250Z] <<< [apiv2][status] POST https://firebasehosting.googleapis.com/v1beta1/projects/1070889881055/sites/eletronics-warehouse-70/versions 500
[debug] [2022-05-09T17:21:15.251Z] <<< [apiv2][body] POST https://firebasehosting.googleapis.com/v1beta1/projects/1070889881055/sites/eletronics-warehouse-70/versions {"error":{"code":500,"message":"Internal error encountered.","status":"INTERNAL"}}
[error] 
[error] Error: HTTP Error: 500, Internal error encountered.
[debug] [2022-05-09T17:21:15.907Z] Error Context: {
  "body": {
    "error": {
      "code": 500,
      "message": "Internal error encountered.",
      "status": "INTERNAL"
    }
  },
  "response": {
    "statusCode": 500
  }
}
