[debug] [2022-05-09T17:31:23.341Z] ----------------------------------------------------------------------
[debug] [2022-05-09T17:31:23.343Z] Command:       C:\Program Files\nodejs\node.exe C:\Users\user\AppData\Roaming\npm\node_modules\firebase-tools\lib\bin\firebase.js deploy
[debug] [2022-05-09T17:31:23.344Z] CLI Version:   10.8.0
[debug] [2022-05-09T17:31:23.344Z] Platform:      win32
[debug] [2022-05-09T17:31:23.344Z] Node Version:  v16.13.2
[debug] [2022-05-09T17:31:23.346Z] Time:          Mon May 09 2022 23:31:23 GMT+0600 (Bangladesh Standard Time)
[debug] [2022-05-09T17:31:23.346Z] ----------------------------------------------------------------------
[debug] 
[debug] [2022-05-09T17:31:23.439Z] > command requires scopes: ["email","openid","https://www.googleapis.com/auth/cloudplatformprojects.readonly","https://www.googleapis.com/auth/firebase","https://www.googleapis.com/auth/cloud-platform"]
[debug] [2022-05-09T17:31:23.439Z] > authorizing via signed-in user (mdnisanahmed63@gmail.com)
[debug] [2022-05-09T17:31:23.440Z] [iam] checking project warehouse-electrics-70 for permissions ["firebase.projects.get","firebasehosting.sites.update"]
[debug] [2022-05-09T17:31:23.443Z] >>> [apiv2][query] POST https://cloudresourcemanager.googleapis.com/v1/projects/warehouse-electrics-70:testIamPermissions [none]
[debug] [2022-05-09T17:31:23.443Z] >>> [apiv2][body] POST https://cloudresourcemanager.googleapis.com/v1/projects/warehouse-electrics-70:testIamPermissions {"permissions":["firebase.projects.get","firebasehosting.sites.update"]}
[debug] [2022-05-09T17:31:24.979Z] <<< [apiv2][status] POST https://cloudresourcemanager.googleapis.com/v1/projects/warehouse-electrics-70:testIamPermissions 200
[debug] [2022-05-09T17:31:24.979Z] <<< [apiv2][body] POST https://cloudresourcemanager.googleapis.com/v1/projects/warehouse-electrics-70:testIamPermissions {"permissions":["firebase.projects.get","firebasehosting.sites.update"]}
[debug] [2022-05-09T17:31:24.981Z] >>> [apiv2][query] GET https://firebase.googleapis.com/v1beta1/projects/warehouse-electrics-70 [none]
[debug] [2022-05-09T17:31:25.434Z] <<< [apiv2][status] GET https://firebase.googleapis.com/v1beta1/projects/warehouse-electrics-70 200
[debug] [2022-05-09T17:31:25.435Z] <<< [apiv2][body] GET https://firebase.googleapis.com/v1beta1/projects/warehouse-electrics-70 {"projectId":"warehouse-electrics-70","projectNumber":"1070889881055","displayName":"warehouse-electrics-70","name":"projects/warehouse-electrics-70","resources":{"hostingSite":"warehouse-electrics-70"},"state":"ACTIVE"}
[info] 
[info] === Deploying to 'warehouse-electrics-70'...
[info] 
[info] i  deploying hosting 
[debug] [2022-05-09T17:31:25.452Z] >>> [apiv2][query] GET https://firebase.googleapis.com/v1beta1/projects/warehouse-electrics-70 [none]
[debug] [2022-05-09T17:31:26.233Z] <<< [apiv2][status] GET https://firebase.googleapis.com/v1beta1/projects/warehouse-electrics-70 200
[debug] [2022-05-09T17:31:26.234Z] <<< [apiv2][body] GET https://firebase.googleapis.com/v1beta1/projects/warehouse-electrics-70 {"projectId":"warehouse-electrics-70","projectNumber":"1070889881055","displayName":"warehouse-electrics-70","name":"projects/warehouse-electrics-70","resources":{"hostingSite":"warehouse-electrics-70"},"state":"ACTIVE"}
[debug] [2022-05-09T17:31:26.246Z] >>> [apiv2][query] POST https://firebasehosting.googleapis.com/v1beta1/projects/1070889881055/sites/warehouse-electrics-70/versions [none]
[debug] [2022-05-09T17:31:26.247Z] >>> [apiv2][body] POST https://firebasehosting.googleapis.com/v1beta1/projects/1070889881055/sites/warehouse-electrics-70/versions {"config":{"rewrites":[{"glob":"**","path":"/index.html"}]},"labels":{"deployment-tool":"cli-firebase"}}
[debug] [2022-05-09T17:31:28.145Z] <<< [apiv2][status] POST https://firebasehosting.googleapis.com/v1beta1/projects/1070889881055/sites/warehouse-electrics-70/versions 500
[debug] [2022-05-09T17:31:28.146Z] <<< [apiv2][body] POST https://firebasehosting.googleapis.com/v1beta1/projects/1070889881055/sites/warehouse-electrics-70/versions {"error":{"code":500,"message":"Internal error encountered.","status":"INTERNAL"}}
[error] 
[error] Error: HTTP Error: 500, Internal error encountered.
[debug] [2022-05-09T17:31:28.389Z] Error Context: {
  "body": {
    "error": {
      "code": 500,
      "message": "Internal error encountered.",
      "status": "INTERNAL"
    }
  },
  "response": {
    "statusCode": 500
  }
}
[debug] [2022-05-09T17:33:46.822Z] ----------------------------------------------------------------------
[debug] [2022-05-09T17:33:46.824Z] Command:       C:\Program Files\nodejs\node.exe C:\Users\user\AppData\Roaming\npm\node_modules\firebase-tools\lib\bin\firebase.js deploy
[debug] [2022-05-09T17:33:46.825Z] CLI Version:   10.8.0
[debug] [2022-05-09T17:33:46.825Z] Platform:      win32
[debug] [2022-05-09T17:33:46.825Z] Node Version:  v16.13.2
[debug] [2022-05-09T17:33:46.827Z] Time:          Mon May 09 2022 23:33:46 GMT+0600 (Bangladesh Standard Time)
[debug] [2022-05-09T17:33:46.827Z] ----------------------------------------------------------------------
[debug] 
[debug] [2022-05-09T17:33:46.923Z] > command requires scopes: ["email","openid","https://www.googleapis.com/auth/cloudplatformprojects.readonly","https://www.googleapis.com/auth/firebase","https://www.googleapis.com/auth/cloud-platform"]
[debug] [2022-05-09T17:33:46.924Z] > authorizing via signed-in user (mdnisanahmed63@gmail.com)
[debug] [2022-05-09T17:33:46.924Z] [iam] checking project warehouse-electrics-70 for permissions ["firebase.projects.get","firebasehosting.sites.update"]
[debug] [2022-05-09T17:33:46.928Z] >>> [apiv2][query] POST https://cloudresourcemanager.googleapis.com/v1/projects/warehouse-electrics-70:testIamPermissions [none]
[debug] [2022-05-09T17:33:46.928Z] >>> [apiv2][body] POST https://cloudresourcemanager.googleapis.com/v1/projects/warehouse-electrics-70:testIamPermissions {"permissions":["firebase.projects.get","firebasehosting.sites.update"]}
[debug] [2022-05-09T17:33:48.313Z] <<< [apiv2][status] POST https://cloudresourcemanager.googleapis.com/v1/projects/warehouse-electrics-70:testIamPermissions 200
[debug] [2022-05-09T17:33:48.314Z] <<< [apiv2][body] POST https://cloudresourcemanager.googleapis.com/v1/projects/warehouse-electrics-70:testIamPermissions {"permissions":["firebase.projects.get","firebasehosting.sites.update"]}
[debug] [2022-05-09T17:33:48.316Z] >>> [apiv2][query] GET https://firebase.googleapis.com/v1beta1/projects/warehouse-electrics-70 [none]
[debug] [2022-05-09T17:33:48.830Z] <<< [apiv2][status] GET https://firebase.googleapis.com/v1beta1/projects/warehouse-electrics-70 200
[debug] [2022-05-09T17:33:48.831Z] <<< [apiv2][body] GET https://firebase.googleapis.com/v1beta1/projects/warehouse-electrics-70 {"projectId":"warehouse-electrics-70","projectNumber":"1070889881055","displayName":"warehouse-electrics-70","name":"projects/warehouse-electrics-70","resources":{"hostingSite":"warehouse-electrics-70"},"state":"ACTIVE"}
[info] 
[info] === Deploying to 'warehouse-electrics-70'...
[info] 
[info] i  deploying hosting 
[debug] [2022-05-09T17:33:48.846Z] >>> [apiv2][query] GET https://firebase.googleapis.com/v1beta1/projects/warehouse-electrics-70 [none]
[debug] [2022-05-09T17:33:49.335Z] <<< [apiv2][status] GET https://firebase.googleapis.com/v1beta1/projects/warehouse-electrics-70 200
[debug] [2022-05-09T17:33:49.336Z] <<< [apiv2][body] GET https://firebase.googleapis.com/v1beta1/projects/warehouse-electrics-70 {"projectId":"warehouse-electrics-70","projectNumber":"1070889881055","displayName":"warehouse-electrics-70","name":"projects/warehouse-electrics-70","resources":{"hostingSite":"warehouse-electrics-70"},"state":"ACTIVE"}
[debug] [2022-05-09T17:33:49.346Z] >>> [apiv2][query] POST https://firebasehosting.googleapis.com/v1beta1/projects/1070889881055/sites/warehouse-electrics-70/versions [none]
[debug] [2022-05-09T17:33:49.346Z] >>> [apiv2][body] POST https://firebasehosting.googleapis.com/v1beta1/projects/1070889881055/sites/warehouse-electrics-70/versions {"config":{"rewrites":[{"glob":"**","path":"/index.html"}]},"labels":{"deployment-tool":"cli-firebase"}}
[debug] [2022-05-09T17:33:51.148Z] <<< [apiv2][status] POST https://firebasehosting.googleapis.com/v1beta1/projects/1070889881055/sites/warehouse-electrics-70/versions 500
[debug] [2022-05-09T17:33:51.148Z] <<< [apiv2][body] POST https://firebasehosting.googleapis.com/v1beta1/projects/1070889881055/sites/warehouse-electrics-70/versions {"error":{"code":500,"message":"Internal error encountered.","status":"INTERNAL"}}
[error] 
[error] Error: HTTP Error: 500, Internal error encountered.
[debug] [2022-05-09T17:33:51.478Z] Error Context: {
  "body": {
    "error": {
      "code": 500,
      "message": "Internal error encountered.",
      "status": "INTERNAL"
    }
  },
  "response": {
    "statusCode": 500
  }
}
